[2026-02-07 22:10:00] [INFO] 
============================================================
[2026-02-07 22:10:00] [INFO] WEBSITE MONITOR - STARTING CHECK
[2026-02-07 22:10:00] [INFO] ============================================================
[2026-02-07 22:10:00] [INFO] Checking main page...
[2026-02-07 22:10:00] [WARNING] Found 1 issues in main page
[2026-02-07 22:10:00] [WARNING]   • Expected 12 city cards, found 14
[2026-02-07 22:10:00] [WARNING] ⚠️ Main Page: FAILED
[2026-02-07 22:10:00] [INFO] Checking city pages...
[2026-02-07 22:10:00] [ERROR] ❌ Expected 12 city pages, found 13
[2026-02-07 22:10:00] [WARNING] ⚠️ City Pages: FAILED
[2026-02-07 22:10:00] [INFO] Checking images...
[2026-02-07 22:10:00] [INFO] ✅ Images: PASSED
[2026-02-07 22:10:00] [INFO] Running improvement scripts...
[2026-02-07 22:10:00] [INFO] Running image consistency check...
[2026-02-07 22:10:00] [INFO] ✅ Image verification passed
[2026-02-07 22:10:00] [INFO] 
============================================================
[2026-02-07 22:10:00] [INFO] CHECK SUMMARY
[2026-02-07 22:10:00] [INFO] ============================================================
[2026-02-07 22:10:00] [INFO] Issues found: 2
[2026-02-07 22:10:00] [INFO] Improvements made: 0
[2026-02-07 22:10:00] [INFO] 
Total checks run: 3
[2026-02-07 22:10:00] [INFO] Total improvements: 0
[2026-02-07 22:10:00] [INFO] 
⚠️ WEBSITE STATUS: NEEDS ATTENTION
[2026-02-07 22:10:00] [INFO] ============================================================
[2026-02-07 22:20:00] [INFO] 
============================================================
[2026-02-07 22:20:00] [INFO] WEBSITE MONITOR - STARTING CHECK
[2026-02-07 22:20:00] [INFO] ============================================================
[2026-02-07 22:20:00] [INFO] Checking main page...
[2026-02-07 22:20:00] [WARNING] Found 1 issues in main page
[2026-02-07 22:20:00] [WARNING]   • Expected 12 city cards, found 14
[2026-02-07 22:20:00] [WARNING] ⚠️ Main Page: FAILED
[2026-02-07 22:20:00] [INFO] Checking city pages...
[2026-02-07 22:20:00] [ERROR] ❌ Expected 12 city pages, found 13
[2026-02-07 22:20:00] [WARNING] ⚠️ City Pages: FAILED
[2026-02-07 22:20:00] [INFO] Checking images...
[2026-02-07 22:20:00] [INFO] ✅ Images: PASSED
[2026-02-07 22:20:00] [INFO] Running improvement scripts...
[2026-02-07 22:20:00] [INFO] Running image consistency check...
[2026-02-07 22:20:01] [INFO] ✅ Image verification passed
[2026-02-07 22:20:01] [INFO] 
============================================================
[2026-02-07 22:20:01] [INFO] CHECK SUMMARY
[2026-02-07 22:20:01] [INFO] ============================================================
[2026-02-07 22:20:01] [INFO] Issues found: 2
[2026-02-07 22:20:01] [INFO] Improvements made: 0
[2026-02-07 22:20:01] [INFO] 
Total checks run: 4
[2026-02-07 22:20:01] [INFO] Total improvements: 0
[2026-02-07 22:20:01] [INFO] 
⚠️ WEBSITE STATUS: NEEDS ATTENTION
[2026-02-07 22:20:01] [INFO] ============================================================
[2026-02-07 22:30:00] [INFO] 
============================================================
[2026-02-07 22:30:00] [INFO] WEBSITE MONITOR - STARTING CHECK
[2026-02-07 22:30:00] [INFO] ============================================================
[2026-02-07 22:30:00] [INFO] Checking main page...
[2026-02-07 22:30:00] [WARNING] Found 1 issues in main page
[2026-02-07 22:30:00] [WARNING]   • Expected 12 city cards, found 14
[2026-02-07 22:30:00] [WARNING] ⚠️ Main Page: FAILED
[2026-02-07 22:30:00] [INFO] Checking city pages...
[2026-02-07 22:30:00] [ERROR] ❌ Expected 12 city pages, found 13
[2026-02-07 22:30:00] [WARNING] ⚠️ City Pages: FAILED
[2026-02-07 22:30:00] [INFO] Checking images...
[2026-02-07 22:30:00] [INFO] ✅ Images: PASSED
[2026-02-07 22:30:00] [INFO] Running improvement scripts...
[2026-02-07 22:30:00] [INFO] Running image consistency check...
[2026-02-07 22:30:00] [INFO] ✅ Image verification passed
[2026-02-07 22:30:00] [INFO] 
============================================================
[2026-02-07 22:30:00] [INFO] CHECK SUMMARY
[2026-02-07 22:30:00] [INFO] ============================================================
[2026-02-07 22:30:00] [INFO] Issues found: 2
[2026-02-07 22:30:00] [INFO] Improvements made: 0
[2026-02-07 22:30:00] [INFO] 
Total checks run: 5
[2026-02-07 22:30:00] [INFO] Total improvements: 0
[2026-02-07 22:30:00] [INFO] 
⚠️ WEBSITE STATUS: NEEDS ATTENTION
[2026-02-07 22:30:00] [INFO] ============================================================
[2026-02-07 22:40:01] [INFO] 
============================================================
[2026-02-07 22:40:01] [INFO] WEBSITE MONITOR - STARTING CHECK
[2026-02-07 22:40:01] [INFO] ============================================================
[2026-02-07 22:40:01] [INFO] Checking main page...
[2026-02-07 22:40:01] [WARNING] Found 1 issues in main page
[2026-02-07 22:40:01] [WARNING]   • Expected 12 city cards, found 14
[2026-02-07 22:40:01] [WARNING] ⚠️ Main Page: FAILED
[2026-02-07 22:40:01] [INFO] Checking city pages...
[2026-02-07 22:40:01] [ERROR] ❌ Expected 12 city pages, found 13
[2026-02-07 22:40:01] [WARNING] ⚠️ City Pages: FAILED
[2026-02-07 22:40:01] [INFO] Checking images...
[2026-02-07 22:40:01] [INFO] ✅ Images: PASSED
[2026-02-07 22:40:01] [INFO] Running improvement scripts...
[2026-02-07 22:40:01] [INFO] Running image consistency check...
[2026-02-07 22:40:01] [INFO] ✅ Image verification passed
[2026-02-07 22:40:01] [INFO] 
============================================================
[2026-02-07 22:40:01] [INFO] CHECK SUMMARY
[2026-02-07 22:40:01] [INFO] ============================================================
[2026-02-07 22:40:01] [INFO] Issues found: 2
[2026-02-07 22:40:01] [INFO] Improvements made: 0
[2026-02-07 22:40:01] [INFO] 
Total checks run: 6
[2026-02-07 22:40:01] [INFO] Total improvements: 0
[2026-02-07 22:40:01] [INFO] 
⚠️ WEBSITE STATUS: NEEDS ATTENTION
[2026-02-07 22:40:01] [INFO] ============================================================
[2026-02-07 22:50:00] [INFO] 
============================================================
[2026-02-07 22:50:00] [INFO] WEBSITE MONITOR - STARTING CHECK
[2026-02-07 22:50:00] [INFO] ============================================================
[2026-02-07 22:50:00] [INFO] Checking main page...
[2026-02-07 22:50:00] [WARNING] Found 1 issues in main page
[2026-02-07 22:50:00] [WARNING]   • Expected 12 city cards, found 14
[2026-02-07 22:50:00] [WARNING] ⚠️ Main Page: FAILED
[2026-02-07 22:50:00] [INFO] Checking city pages...
[2026-02-07 22:50:00] [ERROR] ❌ Expected 12 city pages, found 13
[2026-02-07 22:50:00] [WARNING] ⚠️ City Pages: FAILED
[2026-02-07 22:50:00] [INFO] Checking images...
[2026-02-07 22:50:00] [INFO] ✅ Images: PASSED
[2026-02-07 22:50:00] [INFO] Running improvement scripts...
[2026-02-07 22:50:00] [INFO] Running image consistency check...
[2026-02-07 22:50:00] [INFO] ✅ Image verification passed
[2026-02-07 22:50:00] [INFO] 
============================================================
[2026-02-07 22:50:00] [INFO] CHECK SUMMARY
[2026-02-07 22:50:00] [INFO] ============================================================
[2026-02-07 22:50:00] [INFO] Issues found: 2
[2026-02-07 22:50:00] [INFO] Improvements made: 0
[2026-02-07 22:50:00] [INFO] 
Total checks run: 7
[2026-02-07 22:50:00] [INFO] Total improvements: 0
[2026-02-07 22:50:00] [INFO] 
⚠️ WEBSITE STATUS: NEEDS ATTENTION
[2026-02-07 22:50:00] [INFO] ============================================================
[2026-02-07 23:00:00] [INFO] 
============================================================
[2026-02-07 23:00:00] [INFO] WEBSITE MONITOR - STARTING CHECK
[2026-02-07 23:00:00] [INFO] ============================================================
[2026-02-07 23:00:00] [INFO] Checking main page...
[2026-02-07 23:00:00] [WARNING] Found 1 issues in main page
[2026-02-07 23:00:00] [WARNING]   • Expected 12 city cards, found 14
[2026-02-07 23:00:00] [WARNING] ⚠️ Main Page: FAILED
[2026-02-07 23:00:00] [INFO] Checking city pages...
[2026-02-07 23:00:00] [ERROR] ❌ Expected 12 city pages, found 13
[2026-02-07 23:00:00] [WARNING] ⚠️ City Pages: FAILED
[2026-02-07 23:00:00] [INFO] Checking images...
[2026-02-07 23:00:00] [INFO] ✅ Images: PASSED
[2026-02-07 23:00:00] [INFO] Running improvement scripts...
[2026-02-07 23:00:00] [INFO] Running image consistency check...
[2026-02-07 23:00:00] [INFO] ✅ Image verification passed
[2026-02-07 23:00:00] [INFO] 
============================================================
[2026-02-07 23:00:00] [INFO] CHECK SUMMARY
[2026-02-07 23:00:00] [INFO] ============================================================
[2026-02-07 23:00:00] [INFO] Issues found: 2
[2026-02-07 23:00:00] [INFO] Improvements made: 0
[2026-02-07 23:00:00] [INFO] 
Total checks run: 8
[2026-02-07 23:00:00] [INFO] Total improvements: 0
[2026-02-07 23:00:00] [INFO] 
⚠️ WEBSITE STATUS: NEEDS ATTENTION
[2026-02-07 23:00:00] [INFO] ============================================================
[2026-02-07 23:10:00] [INFO] 
============================================================
[2026-02-07 23:10:00] [INFO] WEBSITE MONITOR - STARTING CHECK
[2026-02-07 23:10:00] [INFO] ============================================================
[2026-02-07 23:10:00] [INFO] Checking main page...
[2026-02-07 23:10:00] [WARNING] Found 1 issues in main page
[2026-02-07 23:10:00] [WARNING]   • Expected 12 city cards, found 14
[2026-02-07 23:10:00] [WARNING] ⚠️ Main Page: FAILED
[2026-02-07 23:10:00] [INFO] Checking city pages...
[2026-02-07 23:10:00] [ERROR] ❌ Expected 12 city pages, found 13
[2026-02-07 23:10:00] [WARNING] ⚠️ City Pages: FAILED
[2026-02-07 23:10:00] [INFO] Checking images...
[2026-02-07 23:10:00] [INFO] ✅ Images: PASSED
[2026-02-07 23:10:00] [INFO] Running improvement scripts...
[2026-02-07 23:10:00] [INFO] Running image consistency check...
[2026-02-07 23:10:00] [INFO] ✅ Image verification passed
[2026-02-07 23:10:00] [INFO] 
============================================================
[2026-02-07 23:10:00] [INFO] CHECK SUMMARY
[2026-02-07 23:10:00] [INFO] ============================================================
[2026-02-07 23:10:00] [INFO] Issues found: 2
[2026-02-07 23:10:00] [INFO] Improvements made: 0
[2026-02-07 23:10:00] [INFO] 
Total checks run: 9
[2026-02-07 23:10:00] [INFO] Total improvements: 0
[2026-02-07 23:10:00] [INFO] 
⚠️ WEBSITE STATUS: NEEDS ATTENTION
[2026-02-07 23:10:00] [INFO] ============================================================
[2026-02-07 23:20:01] [INFO] 
============================================================
[2026-02-07 23:20:01] [INFO] WEBSITE MONITOR - STARTING CHECK
[2026-02-07 23:20:01] [INFO] ============================================================
[2026-02-07 23:20:01] [INFO] Checking main page...
[2026-02-07 23:20:01] [WARNING] Found 1 issues in main page
[2026-02-07 23:20:01] [WARNING]   • Expected 12 city cards, found 14
[2026-02-07 23:20:01] [WARNING] ⚠️ Main Page: FAILED
[2026-02-07 23:20:01] [INFO] Checking city pages...
[2026-02-07 23:20:01] [ERROR] ❌ Expected 12 city pages, found 13
[2026-02-07 23:20:01] [WARNING] ⚠️ City Pages: FAILED
[2026-02-07 23:20:01] [INFO] Checking images...
[2026-02-07 23:20:01] [INFO] ✅ Images: PASSED
[2026-02-07 23:20:01] [INFO] Running improvement scripts...
[2026-02-07 23:20:01] [INFO] Running image consistency check...
[2026-02-07 23:20:01] [INFO] ✅ Image verification passed
[2026-02-07 23:20:01] [INFO] 
============================================================
[2026-02-07 23:20:01] [INFO] CHECK SUMMARY
[2026-02-07 23:20:01] [INFO] ============================================================
[2026-02-07 23:20:01] [INFO] Issues found: 2
[2026-02-07 23:20:01] [INFO] Improvements made: 0
[2026-02-07 23:20:01] [INFO] 
Total checks run: 10
[2026-02-07 23:20:01] [INFO] Total improvements: 0
[2026-02-07 23:20:01] [INFO] 
⚠️ WEBSITE STATUS: NEEDS ATTENTION
[2026-02-07 23:20:01] [INFO] ============================================================
[2026-02-07 23:30:00] [INFO] 
============================================================
[2026-02-07 23:30:00] [INFO] WEBSITE MONITOR - STARTING CHECK
[2026-02-07 23:30:00] [INFO] ============================================================
[2026-02-07 23:30:00] [INFO] Checking main page...
[2026-02-07 23:30:00] [WARNING] Found 1 issues in main page
[2026-02-07 23:30:00] [WARNING]   • Expected 12 city cards, found 14
[2026-02-07 23:30:00] [WARNING] ⚠️ Main Page: FAILED
[2026-02-07 23:30:00] [INFO] Checking city pages...
[2026-02-07 23:30:00] [ERROR] ❌ Expected 12 city pages, found 13
[2026-02-07 23:30:00] [WARNING] ⚠️ City Pages: FAILED
[2026-02-07 23:30:00] [INFO] Checking images...
[2026-02-07 23:30:00] [INFO] ✅ Images: PASSED
[2026-02-07 23:30:00] [INFO] Running improvement scripts...
[2026-02-07 23:30:00] [INFO] Running image consistency check...
[2026-02-07 23:30:00] [INFO] ✅ Image verification passed
[2026-02-07 23:30:00] [INFO] 
============================================================
[2026-02-07 23:30:00] [INFO] CHECK SUMMARY
[2026-02-07 23:30:00] [INFO] ============================================================
[2026-02-07 23:30:00] [INFO] Issues found: 2
[2026-02-07 23:30:00] [INFO] Improvements made: 0
[2026-02-07 23:30:00] [INFO] 
Total checks run: 11
[2026-02-07 23:30:00] [INFO] Total improvements: 0
[2026-02-07 23:30:00] [INFO] 
⚠️ WEBSITE STATUS: NEEDS ATTENTION
[2026-02-07 23:30:00] [INFO] ============================================================
[2026-02-07 23:40:01] [INFO] 
============================================================
[2026-02-07 23:40:01] [INFO] WEBSITE MONITOR - STARTING CHECK
[2026-02-07 23:40:01] [INFO] ============================================================
[2026-02-07 23:40:01] [INFO] Checking main page...
[2026-02-07 23:40:01] [WARNING] Found 1 issues in main page
[2026-02-07 23:40:01] [WARNING]   • Expected 12 city cards, found 14
[2026-02-07 23:40:01] [WARNING] ⚠️ Main Page: FAILED
[2026-02-07 23:40:01] [INFO] Checking city pages...
[2026-02-07 23:40:01] [ERROR] ❌ Expected 12 city pages, found 13
[2026-02-07 23:40:01] [WARNING] ⚠️ City Pages: FAILED
[2026-02-07 23:40:01] [INFO] Checking images...
[2026-02-07 23:40:01] [INFO] ✅ Images: PASSED
[2026-02-07 23:40:01] [INFO] Running improvement scripts...
[2026-02-07 23:40:01] [INFO] Running image consistency check...
[2026-02-07 23:40:01] [INFO] ✅ Image verification passed
[2026-02-07 23:40:01] [INFO] 
============================================================
[2026-02-07 23:40:01] [INFO] CHECK SUMMARY
[2026-02-07 23:40:01] [INFO] ============================================================
[2026-02-07 23:40:01] [INFO] Issues found: 2
[2026-02-07 23:40:01] [INFO] Improvements made: 0
[2026-02-07 23:40:01] [INFO] 
Total checks run: 12
[2026-02-07 23:40:01] [INFO] Total improvements: 0
[2026-02-07 23:40:01] [INFO] 
⚠️ WEBSITE STATUS: NEEDS ATTENTION
[2026-02-07 23:40:01] [INFO] ============================================================
[2026-02-07 23:50:00] [INFO] 
============================================================
[2026-02-07 23:50:00] [INFO] WEBSITE MONITOR - STARTING CHECK
[2026-02-07 23:50:00] [INFO] ============================================================
[2026-02-07 23:50:00] [INFO] Checking main page...
[2026-02-07 23:50:00] [WARNING] Found 1 issues in main page
[2026-02-07 23:50:00] [WARNING]   • Expected 12 city cards, found 14
[2026-02-07 23:50:00] [WARNING] ⚠️ Main Page: FAILED
[2026-02-07 23:50:00] [INFO] Checking city pages...
[2026-02-07 23:50:00] [ERROR] ❌ Expected 12 city pages, found 13
[2026-02-07 23:50:00] [WARNING] ⚠️ City Pages: FAILED
[2026-02-07 23:50:00] [INFO] Checking images...
[2026-02-07 23:50:00] [INFO] ✅ Images: PASSED
[2026-02-07 23:50:00] [INFO] Running improvement scripts...
[2026-02-07 23:50:00] [INFO] Running image consistency check...
[2026-02-07 23:50:00] [INFO] ✅ Image verification passed
[2026-02-07 23:50:00] [INFO] 
============================================================
[2026-02-07 23:50:00] [INFO] CHECK SUMMARY
[2026-02-07 23:50:00] [INFO] ============================================================
[2026-02-07 23:50:00] [INFO] Issues found: 2
[2026-02-07 23:50:00] [INFO] Improvements made: 0
[2026-02-07 23:50:00] [INFO] 
Total checks run: 13
[2026-02-07 23:50:00] [INFO] Total improvements: 0
[2026-02-07 23:50:00] [INFO] 
⚠️ WEBSITE STATUS: NEEDS ATTENTION
[2026-02-07 23:50:00] [INFO] ============================================================
[2026-02-08 00:00:00] [INFO] 
============================================================
[2026-02-08 00:00:00] [INFO] WEBSITE MONITOR - STARTING CHECK
[2026-02-08 00:00:00] [INFO] ============================================================
[2026-02-08 00:00:00] [INFO] Checking main page...
[2026-02-08 00:00:00] [WARNING] Found 1 issues in main page
[2026-02-08 00:00:00] [WARNING]   • Expected 12 city cards, found 14
[2026-02-08 00:00:00] [WARNING] ⚠️ Main Page: FAILED
[2026-02-08 00:00:00] [INFO] Checking city pages...
[2026-02-08 00:00:00] [ERROR] ❌ Expected 12 city pages, found 13
[2026-02-08 00:00:00] [WARNING] ⚠️ City Pages: FAILED
[2026-02-08 00:00:00] [INFO] Checking images...
[2026-02-08 00:00:00] [INFO] ✅ Images: PASSED
[2026-02-08 00:00:00] [INFO] Running improvement scripts...
[2026-02-08 00:00:00] [INFO] Running image consistency check...
[2026-02-08 00:00:01] [INFO] ✅ Image verification passed
[2026-02-08 00:00:01] [INFO] 
============================================================
[2026-02-08 00:00:01] [INFO] CHECK SUMMARY
[2026-02-08 00:00:01] [INFO] ============================================================
[2026-02-08 00:00:01] [INFO] Issues found: 2
[2026-02-08 00:00:01] [INFO] Improvements made: 0
[2026-02-08 00:00:01] [INFO] 
Total checks run: 14
[2026-02-08 00:00:01] [INFO] Total improvements: 0
[2026-02-08 00:00:01] [INFO] 
⚠️ WEBSITE STATUS: NEEDS ATTENTION
[2026-02-08 00:00:01] [INFO] ============================================================
[2026-02-08 00:10:00] [INFO] 
============================================================
[2026-02-08 00:10:00] [INFO] WEBSITE MONITOR - STARTING CHECK
[2026-02-08 00:10:00] [INFO] ============================================================
[2026-02-08 00:10:00] [INFO] Checking main page...
[2026-02-08 00:10:00] [WARNING] Found 1 issues in main page
[2026-02-08 00:10:00] [WARNING]   • Expected 12 city cards, found 14
[2026-02-08 00:10:00] [WARNING] ⚠️ Main Page: FAILED
[2026-02-08 00:10:00] [INFO] Checking city pages...
[2026-02-08 00:10:00] [ERROR] ❌ Expected 12 city pages, found 13
[2026-02-08 00:10:00] [WARNING] ⚠️ City Pages: FAILED
[2026-02-08 00:10:00] [INFO] Checking images...
[2026-02-08 00:10:00] [INFO] ✅ Images: PASSED
[2026-02-08 00:10:00] [INFO] Running improvement scripts...
[2026-02-08 00:10:00] [INFO] Running image consistency check...
[2026-02-08 00:10:00] [INFO] ✅ Image verification passed
[2026-02-08 00:10:00] [INFO] 
============================================================
[2026-02-08 00:10:00] [INFO] CHECK SUMMARY
[2026-02-08 00:10:00] [INFO] ============================================================
[2026-02-08 00:10:00] [INFO] Issues found: 2
[2026-02-08 00:10:00] [INFO] Improvements made: 0
[2026-02-08 00:10:00] [INFO] 
Total checks run: 15
[2026-02-08 00:10:00] [INFO] Total improvements: 0
[2026-02-08 00:10:00] [INFO] 
⚠️ WEBSITE STATUS: NEEDS ATTENTION
[2026-02-08 00:10:00] [INFO] ============================================================
