[2026-02-07 23:50:00] [INFO] 
======================================================================
[2026-02-07 23:50:00] [INFO] TELEGRAM-ENABLED WEBSITE MONITOR
[2026-02-07 23:50:00] [INFO] ======================================================================
[2026-02-07 23:50:00] [INFO] Starting check: 2026-02-07 23:50:00
[2026-02-07 23:50:00] [INFO] 
🔍 CHECK 1: IMAGES READINESS FOR EACH CITY
[2026-02-07 23:50:00] [INFO] Attempting to fix missing images...
[2026-02-07 23:50:00] [INFO] ❌ Telegram error: No module named 'message'
[2026-02-07 23:50:00] [INFO] 
🔍 CHECK 2: PAGES READINESS FOR EACH CITY
[2026-02-07 23:50:00] [INFO] ❌ Telegram error: No module named 'message'
[2026-02-07 23:50:00] [INFO] 
🔍 CHECK 3: LAYOUT & COLOR CONSISTENCY
[2026-02-07 23:50:00] [INFO] ❌ Telegram error: No module named 'message'
[2026-02-07 23:50:00] [INFO] 
🔍 CHECK 4: NAVIGATION LINK CONSISTENCY
[2026-02-07 23:50:00] [INFO] ❌ Telegram error: No module named 'message'
[2026-02-07 23:50:00] [INFO] ❌ Telegram error: No module named 'message'
[2026-02-07 23:50:00] [INFO] 
======================================================================
[2026-02-07 23:50:00] [INFO] CHECK SUMMARY
[2026-02-07 23:50:00] [INFO] ======================================================================
[2026-02-07 23:50:00] [INFO] Checks passed: 4/4
[2026-02-07 23:50:00] [INFO] Total issues: 2
[2026-02-07 23:50:00] [INFO] Fixes applied: 1
[2026-02-07 23:50:00] [INFO] ⚠️  WEBSITE STATUS: NEEDS ATTENTION
[2026-02-08 00:00:00] [INFO] 
======================================================================
[2026-02-08 00:00:00] [INFO] TELEGRAM-ENABLED WEBSITE MONITOR
[2026-02-08 00:00:00] [INFO] ======================================================================
[2026-02-08 00:00:00] [INFO] Starting check: 2026-02-08 00:00:00
[2026-02-08 00:00:00] [INFO] 
🔍 CHECK 1: IMAGES READINESS FOR EACH CITY
[2026-02-08 00:00:00] [INFO] Attempting to fix missing images...
[2026-02-08 00:00:01] [INFO] ❌ Telegram error: No module named 'message'
[2026-02-08 00:00:01] [INFO] 
🔍 CHECK 2: PAGES READINESS FOR EACH CITY
[2026-02-08 00:00:01] [INFO] ❌ Telegram error: No module named 'message'
[2026-02-08 00:00:01] [INFO] 
🔍 CHECK 3: LAYOUT & COLOR CONSISTENCY
[2026-02-08 00:00:01] [INFO] ❌ Telegram error: No module named 'message'
[2026-02-08 00:00:01] [INFO] 
🔍 CHECK 4: NAVIGATION LINK CONSISTENCY
[2026-02-08 00:00:01] [INFO] ❌ Telegram error: No module named 'message'
[2026-02-08 00:00:01] [INFO] ❌ Telegram error: No module named 'message'
[2026-02-08 00:00:01] [INFO] 
======================================================================
[2026-02-08 00:00:01] [INFO] CHECK SUMMARY
[2026-02-08 00:00:01] [INFO] ======================================================================
[2026-02-08 00:00:01] [INFO] Checks passed: 4/4
[2026-02-08 00:00:01] [INFO] Total issues: 2
[2026-02-08 00:00:01] [INFO] Fixes applied: 1
[2026-02-08 00:00:01] [INFO] ⚠️  WEBSITE STATUS: NEEDS ATTENTION
[2026-02-08 00:10:00] [INFO] 
======================================================================
[2026-02-08 00:10:00] [INFO] TELEGRAM-ENABLED WEBSITE MONITOR
[2026-02-08 00:10:00] [INFO] ======================================================================
[2026-02-08 00:10:00] [INFO] Starting check: 2026-02-08 00:10:00
[2026-02-08 00:10:00] [INFO] 
🔍 CHECK 1: IMAGES READINESS FOR EACH CITY
[2026-02-08 00:10:00] [INFO] Attempting to fix missing images...
[2026-02-08 00:10:00] [INFO] ❌ Telegram error: No module named 'message'
[2026-02-08 00:10:00] [INFO] 
🔍 CHECK 2: PAGES READINESS FOR EACH CITY
[2026-02-08 00:10:00] [INFO] ❌ Telegram error: No module named 'message'
[2026-02-08 00:10:00] [INFO] 
🔍 CHECK 3: LAYOUT & COLOR CONSISTENCY
[2026-02-08 00:10:00] [INFO] ❌ Telegram error: No module named 'message'
[2026-02-08 00:10:00] [INFO] 
🔍 CHECK 4: NAVIGATION LINK CONSISTENCY
[2026-02-08 00:10:00] [INFO] ❌ Telegram error: No module named 'message'
[2026-02-08 00:10:00] [INFO] ❌ Telegram error: No module named 'message'
[2026-02-08 00:10:00] [INFO] 
======================================================================
[2026-02-08 00:10:00] [INFO] CHECK SUMMARY
[2026-02-08 00:10:00] [INFO] ======================================================================
[2026-02-08 00:10:00] [INFO] Checks passed: 4/4
[2026-02-08 00:10:00] [INFO] Total issues: 2
[2026-02-08 00:10:00] [INFO] Fixes applied: 1
[2026-02-08 00:10:00] [INFO] ⚠️  WEBSITE STATUS: NEEDS ATTENTION
