[2026-02-07 22:05:40] [INFO] 
======================================================================
[2026-02-07 22:05:40] [INFO] COMPLETE WEBSITE MANAGEMENT CYCLE
[2026-02-07 22:05:40] [INFO] ======================================================================
[2026-02-07 22:05:40] [INFO] 
🔍 Website Monitor...
[2026-02-07 22:05:40] [INFO] Running website monitor...
[2026-02-07 22:05:40] [INFO] ✅ Monitor completed successfully
[2026-02-07 22:05:40] [INFO] 🔧 Improvements were applied
[2026-02-07 22:05:40] [INFO] ✅ Website Monitor: PASSED
[2026-02-07 22:05:40] [INFO] 
🔍 City Pages...
[2026-02-07 22:05:40] [INFO] Checking city pages...
[2026-02-07 22:05:40] [INFO] ✅ All 12 city pages exist
[2026-02-07 22:05:40] [INFO] ✅ City Pages: PASSED
[2026-02-07 22:05:40] [INFO] 
🔍 AI Images...
[2026-02-07 22:05:40] [INFO] Checking AI image needs...
[2026-02-07 22:05:40] [INFO] 🎨 3 cities need AI images: Chengdu, Harbin, Chongqing
[2026-02-07 22:05:40] [WARNING] ⚠️ AI config not found
[2026-02-07 22:05:40] [INFO]    Run: python3 ai_image_generator.py for setup
[2026-02-07 22:05:40] [INFO] ✅ AI Images: PASSED
[2026-02-07 22:05:40] [INFO] 
🔍 Style Consistency...
[2026-02-07 22:05:40] [INFO] Checking style consistency...
[2026-02-07 22:05:40] [INFO] ✅ Style consistency verified
[2026-02-07 22:05:40] [INFO] ✅ Style Consistency: PASSED
[2026-02-07 22:05:40] [INFO] 
======================================================================
[2026-02-07 22:05:40] [INFO] MANAGEMENT CYCLE COMPLETE
[2026-02-07 22:05:40] [INFO] ======================================================================
[2026-02-07 22:05:40] [INFO] Checks passed: 4/4 (100.0%)
[2026-02-07 22:05:40] [INFO] Time elapsed: 0.1 seconds
[2026-02-07 22:05:40] [INFO] 
🎉 WEBSITE STATUS: EXCELLENT
[2026-02-07 22:05:40] [INFO]    All systems are functioning properly
